Terza Run, risulati dei fit:
Logaritmico: 0.0029359533526539506
[4.83136401 0.91511901 0.00541987] [0.22065557000601124, 0.003170468204415063, 0.0016987375735631038]
Lineare: 0.0030548550407935027
Slope: -26.731758821895095 Intercetta: 54.01544486431427
pValue: 1.9625757656808712e-63 rValue: -0.9962738582705658
=====================================================================
Quarta Run, risulati dei fit:
Logaritmico: 0.002398792694381899
[ 2.43817121e+00  7.77871340e-01 -1.63767471e-05] [0.11817161535543724, 0.0026095497061285936, 1.024253978833514e-05]
Lineare: 0.0037860360880495668
Slope: 24.409141428174706 Intercetta: 7.6251091043806625
pValue: 6.467349710089429e-60 rValue: 0.9950704115573576
=====================================================================
Seconda Run, risulati dei fit:
Logaritmico: 0.012469983227267204
[ 8.22286137 -0.19473125 -0.02148429] [0.3532191224044584, 0.017722956119466504, 0.0034045955052798295]
Lineare: 0.05638026448220889
Slope: 15.058360314523584 Intercetta: 23.608159111933396
pValue: 8.328116339535334e-49 rValue: 0.9959810918574517
=====================================================================
Prima Run, risulati dei fit:
Logaritmico: 0.0029821858549699915
[7.29837846 0.66650079 0.04466467] [0.09432074264700611, 0.0022209533664951766, 0.0021784037040180866]
Lineare: 12.040771951751154
Slope: -2.805903743315531 Intercetta: 25.544932620320864
pValue: 5.951282761109901e-31 rValue: -0.9926774020420482
======================================================================
